Base path: /Applications/Unity/Unity.app/Contents
Pipe name: \\.\pipe\UnityShaderCompiler-1--1598844460
Cmd: getPlatforms
Cmd: preprocess
  insize=2970 outsize=1659 ok=1
Cmd: preprocess
  insize=3344 outsize=1127 ok=1
Cmd: compileSnippet
  api=0 type=0 insize=1541 outsize=448 kw= ok=1
Cmd: compileSnippet
  api=0 type=1 insize=1541 outsize=227 kw= ok=1
Cmd: compileSnippet
  api=0 type=0 insize=1282 outsize=365 kw= ok=1
Cmd: compileSnippet
  api=0 type=1 insize=1282 outsize=227 kw= ok=1
Cmd: preprocess
  insize=2008 outsize=807 ok=1
Cmd: compileSnippet
  api=0 type=0 insize=1503 outsize=326 kw= ok=1
Cmd: compileSnippet
  api=0 type=1 insize=1503 outsize=970 kw= ok=1
Cmd: preprocess
  insize=744 outsize=744 ok=1
